<?xml version="1.0" encoding="UTF-8"?>
<!-- Generated by org.testng.reporters.JUnitXMLReporter -->
<testsuite ignored="0" hostname="DESKTOP-OF9IGA7" failures="0" tests="7" name="OpencartTest" time="52.222" errors="0" timestamp="2022-11-28T13:49:32 IST">
  <testcase classname="testCases.TC_001_AccountRegistrationTest" name="test_account_Registration" time="6.094"/>
  <testcase classname="testCases.TC_002_LoginTest" name="test_Login" time="1.404"/>
  <testcase classname="testCases.TC_003_LoginDDT" name="test_LoginDDT" time="2.423"/>
  <testcase classname="testCases.TC_003_LoginDDT" name="test_LoginDDT" time="6.274"/>
  <testcase classname="testCases.TC_003_LoginDDT" name="test_LoginDDT" time="5.931"/>
  <testcase classname="testCases.TC_003_LoginDDT" name="test_LoginDDT" time="6.17"/>
  <testcase classname="testCases.TC_003_LoginDDT" name="test_LoginDDT" time="6.472"/>
</testsuite> <!-- OpencartTest -->
